[2019-09-05 15:47:34] local.ERROR: SQLSTATE[28000] [1045] Access denied for user 'root'@'localhost' (using password: NO) (SQL: select * from information_schema.tables where table_schema = ticketit and table_name = migrations) {"exception":"[object] (Illuminate\\Database\\QueryException(code: 1045): SQLSTATE[28000] [1045] Access denied for user 'root'@'localhost' (using password: NO) (SQL: select * from information_schema.tables where table_schema = ticketit and table_name = migrations) at /home/aexisco/ehelpdesk2019/vendor/laravel/framework/src/Illuminate/Database/Connection.php:664, Doctrine\\DBAL\\Driver\\PDOException(code: 1045): SQLSTATE[28000] [1045] Access denied for user 'root'@'localhost' (using password: NO) at /home/aexisco/ehelpdesk2019/vendor/doctrine/dbal/lib/Doctrine/DBAL/Driver/PDOConnection.php:50, PDOException(code: 1045): SQLSTATE[28000] [1045] Access denied for user 'root'@'localhost' (using password: NO) at /home/aexisco/ehelpdesk2019/vendor/doctrine/dbal/lib/Doctrine/DBAL/Driver/PDOConnection.php:46)
[stacktrace]
#0 /home/aexisco/ehelpdesk2019/vendor/laravel/framework/src/Illuminate/Database/Connection.php(624): Illuminate\\Database\\Connection->runQueryCallback('select * from i...', Array, Object(Closure))
#1 /home/aexisco/ehelpdesk2019/vendor/laravel/framework/src/Illuminate/Database/Connection.php(333): Illuminate\\Database\\Connection->run('select * from i...', Array, Object(Closure))
#2 /home/aexisco/ehelpdesk2019/vendor/laravel/framework/src/Illuminate/Database/Schema/MySqlBuilder.php(18): Illuminate\\Database\\Connection->select('select * from i...', Array)
#3 /home/aexisco/ehelpdesk2019/vendor/laravel/framework/src/Illuminate/Support/Facades/Facade.php(223): Illuminate\\Database\\Schema\\MySqlBuilder->hasTable('migrations')
#4 /home/aexisco/ehelpdesk2019/vendor/kordy/ticketit/src/TicketitServiceProvider.php(29): Illuminate\\Support\\Facades\\Facade::__callStatic('hasTable', Array)
#5 [internal function]: Kordy\\Ticketit\\TicketitServiceProvider->boot()
#6 /home/aexisco/ehelpdesk2019/vendor/laravel/framework/src/Illuminate/Container/BoundMethod.php(29): call_user_func_array(Array, Array)
#7 /home/aexisco/ehelpdesk2019/vendor/laravel/framework/src/Illuminate/Container/BoundMethod.php(87): Illuminate\\Container\\BoundMethod::Illuminate\\Container\\{closure}()
#8 /home/aexisco/ehelpdesk2019/vendor/laravel/framework/src/Illuminate/Container/BoundMethod.php(31): Illuminate\\Container\\BoundMethod::callBoundMethod(Object(Illuminate\\Foundation\\Application), Array, Object(Closure))
#9 /home/aexisco/ehelpdesk2019/vendor/laravel/framework/src/Illuminate/Container/Container.php(572): Illuminate\\Container\\BoundMethod::call(Object(Illuminate\\Foundation\\Application), Array, Array, NULL)
#10 /home/aexisco/ehelpdesk2019/vendor/laravel/framework/src/Illuminate/Foundation/Application.php(793): Illuminate\\Container\\Container->call(Array)
#11 /home/aexisco/ehelpdesk2019/vendor/laravel/framework/src/Illuminate/Foundation/Application.php(776): Illuminate\\Foundation\\Application->bootProvider(Object(Kordy\\Ticketit\\TicketitServiceProvider))
#12 [internal function]: Illuminate\\Foundation\\Application->Illuminate\\Foundation\\{closure}(Object(Kordy\\Ticketit\\TicketitServiceProvider), 24)
#13 /home/aexisco/ehelpdesk2019/vendor/laravel/framework/src/Illuminate/Foundation/Application.php(777): array_walk(Array, Object(Closure))
#14 /home/aexisco/ehelpdesk2019/vendor/laravel/framework/src/Illuminate/Foundation/Bootstrap/BootProviders.php(17): Illuminate\\Foundation\\Application->boot()
#15 /home/aexisco/ehelpdesk2019/vendor/laravel/framework/src/Illuminate/Foundation/Application.php(206): Illuminate\\Foundation\\Bootstrap\\BootProviders->bootstrap(Object(Illuminate\\Foundation\\Application))
#16 /home/aexisco/ehelpdesk2019/vendor/laravel/framework/src/Illuminate/Foundation/Http/Kernel.php(162): Illuminate\\Foundation\\Application->bootstrapWith(Array)
#17 /home/aexisco/ehelpdesk2019/vendor/laravel/framework/src/Illuminate/Foundation/Http/Kernel.php(146): Illuminate\\Foundation\\Http\\Kernel->bootstrap()
#18 /home/aexisco/ehelpdesk2019/vendor/laravel/framework/src/Illuminate/Foundation/Http/Kernel.php(116): Illuminate\\Foundation\\Http\\Kernel->sendRequestThroughRouter(Object(Illuminate\\Http\\Request))
#19 /home/aexisco/ehelpdesk2019/public/index.php(55): Illuminate\\Foundation\\Http\\Kernel->handle(Object(Illuminate\\Http\\Request))
#20 /home/aexisco/ehelpdesk2019/index.php(21): require_once('/home/aexisco/e...')
#21 {main}
"} 
[2019-09-05 15:51:15] local.ERROR: SQLSTATE[28000] [1045] Access denied for user 'root'@'localhost' (using password: NO) (SQL: select * from information_schema.tables where table_schema = ticketit and table_name = migrations) {"exception":"[object] (Illuminate\\Database\\QueryException(code: 1045): SQLSTATE[28000] [1045] Access denied for user 'root'@'localhost' (using password: NO) (SQL: select * from information_schema.tables where table_schema = ticketit and table_name = migrations) at /home/aexisco/ehelpdesk2019/vendor/laravel/framework/src/Illuminate/Database/Connection.php:664, Doctrine\\DBAL\\Driver\\PDOException(code: 1045): SQLSTATE[28000] [1045] Access denied for user 'root'@'localhost' (using password: NO) at /home/aexisco/ehelpdesk2019/vendor/doctrine/dbal/lib/Doctrine/DBAL/Driver/PDOConnection.php:50, PDOException(code: 1045): SQLSTATE[28000] [1045] Access denied for user 'root'@'localhost' (using password: NO) at /home/aexisco/ehelpdesk2019/vendor/doctrine/dbal/lib/Doctrine/DBAL/Driver/PDOConnection.php:46)
[stacktrace]
#0 /home/aexisco/ehelpdesk2019/vendor/laravel/framework/src/Illuminate/Database/Connection.php(624): Illuminate\\Database\\Connection->runQueryCallback('select * from i...', Array, Object(Closure))
#1 /home/aexisco/ehelpdesk2019/vendor/laravel/framework/src/Illuminate/Database/Connection.php(333): Illuminate\\Database\\Connection->run('select * from i...', Array, Object(Closure))
#2 /home/aexisco/ehelpdesk2019/vendor/laravel/framework/src/Illuminate/Database/Schema/MySqlBuilder.php(18): Illuminate\\Database\\Connection->select('select * from i...', Array)
#3 /home/aexisco/ehelpdesk2019/vendor/laravel/framework/src/Illuminate/Support/Facades/Facade.php(223): Illuminate\\Database\\Schema\\MySqlBuilder->hasTable('migrations')
#4 /home/aexisco/ehelpdesk2019/vendor/kordy/ticketit/src/TicketitServiceProvider.php(29): Illuminate\\Support\\Facades\\Facade::__callStatic('hasTable', Array)
#5 [internal function]: Kordy\\Ticketit\\TicketitServiceProvider->boot()
#6 /home/aexisco/ehelpdesk2019/vendor/laravel/framework/src/Illuminate/Container/BoundMethod.php(29): call_user_func_array(Array, Array)
#7 /home/aexisco/ehelpdesk2019/vendor/laravel/framework/src/Illuminate/Container/BoundMethod.php(87): Illuminate\\Container\\BoundMethod::Illuminate\\Container\\{closure}()
#8 /home/aexisco/ehelpdesk2019/vendor/laravel/framework/src/Illuminate/Container/BoundMethod.php(31): Illuminate\\Container\\BoundMethod::callBoundMethod(Object(Illuminate\\Foundation\\Application), Array, Object(Closure))
#9 /home/aexisco/ehelpdesk2019/vendor/laravel/framework/src/Illuminate/Container/Container.php(572): Illuminate\\Container\\BoundMethod::call(Object(Illuminate\\Foundation\\Application), Array, Array, NULL)
#10 /home/aexisco/ehelpdesk2019/vendor/laravel/framework/src/Illuminate/Foundation/Application.php(793): Illuminate\\Container\\Container->call(Array)
#11 /home/aexisco/ehelpdesk2019/vendor/laravel/framework/src/Illuminate/Foundation/Application.php(776): Illuminate\\Foundation\\Application->bootProvider(Object(Kordy\\Ticketit\\TicketitServiceProvider))
#12 [internal function]: Illuminate\\Foundation\\Application->Illuminate\\Foundation\\{closure}(Object(Kordy\\Ticketit\\TicketitServiceProvider), 24)
#13 /home/aexisco/ehelpdesk2019/vendor/laravel/framework/src/Illuminate/Foundation/Application.php(777): array_walk(Array, Object(Closure))
#14 /home/aexisco/ehelpdesk2019/vendor/laravel/framework/src/Illuminate/Foundation/Bootstrap/BootProviders.php(17): Illuminate\\Foundation\\Application->boot()
#15 /home/aexisco/ehelpdesk2019/vendor/laravel/framework/src/Illuminate/Foundation/Application.php(206): Illuminate\\Foundation\\Bootstrap\\BootProviders->bootstrap(Object(Illuminate\\Foundation\\Application))
#16 /home/aexisco/ehelpdesk2019/vendor/laravel/framework/src/Illuminate/Foundation/Http/Kernel.php(162): Illuminate\\Foundation\\Application->bootstrapWith(Array)
#17 /home/aexisco/ehelpdesk2019/vendor/laravel/framework/src/Illuminate/Foundation/Http/Kernel.php(146): Illuminate\\Foundation\\Http\\Kernel->bootstrap()
#18 /home/aexisco/ehelpdesk2019/vendor/laravel/framework/src/Illuminate/Foundation/Http/Kernel.php(116): Illuminate\\Foundation\\Http\\Kernel->sendRequestThroughRouter(Object(Illuminate\\Http\\Request))
#19 /home/aexisco/ehelpdesk2019/public/index.php(55): Illuminate\\Foundation\\Http\\Kernel->handle(Object(Illuminate\\Http\\Request))
#20 /home/aexisco/ehelpdesk2019/index.php(21): require_once('/home/aexisco/e...')
#21 {main}
"} 
[2019-09-05 16:17:01] local.ERROR: SQLSTATE[28000] [1045] Access denied for user 'root'@'localhost' (using password: NO) (SQL: select * from information_schema.tables where table_schema = ticketit and table_name = migrations) {"exception":"[object] (Illuminate\\Database\\QueryException(code: 1045): SQLSTATE[28000] [1045] Access denied for user 'root'@'localhost' (using password: NO) (SQL: select * from information_schema.tables where table_schema = ticketit and table_name = migrations) at /home/aexisco/ehelpdesk2019/vendor/laravel/framework/src/Illuminate/Database/Connection.php:664, Doctrine\\DBAL\\Driver\\PDOException(code: 1045): SQLSTATE[28000] [1045] Access denied for user 'root'@'localhost' (using password: NO) at /home/aexisco/ehelpdesk2019/vendor/doctrine/dbal/lib/Doctrine/DBAL/Driver/PDOConnection.php:50, PDOException(code: 1045): SQLSTATE[28000] [1045] Access denied for user 'root'@'localhost' (using password: NO) at /home/aexisco/ehelpdesk2019/vendor/doctrine/dbal/lib/Doctrine/DBAL/Driver/PDOConnection.php:46)
[stacktrace]
#0 /home/aexisco/ehelpdesk2019/vendor/laravel/framework/src/Illuminate/Database/Connection.php(624): Illuminate\\Database\\Connection->runQueryCallback('select * from i...', Array, Object(Closure))
#1 /home/aexisco/ehelpdesk2019/vendor/laravel/framework/src/Illuminate/Database/Connection.php(333): Illuminate\\Database\\Connection->run('select * from i...', Array, Object(Closure))
#2 /home/aexisco/ehelpdesk2019/vendor/laravel/framework/src/Illuminate/Database/Schema/MySqlBuilder.php(18): Illuminate\\Database\\Connection->select('select * from i...', Array)
#3 /home/aexisco/ehelpdesk2019/vendor/laravel/framework/src/Illuminate/Support/Facades/Facade.php(223): Illuminate\\Database\\Schema\\MySqlBuilder->hasTable('migrations')
#4 /home/aexisco/ehelpdesk2019/vendor/kordy/ticketit/src/TicketitServiceProvider.php(29): Illuminate\\Support\\Facades\\Facade::__callStatic('hasTable', Array)
#5 [internal function]: Kordy\\Ticketit\\TicketitServiceProvider->boot()
#6 /home/aexisco/ehelpdesk2019/vendor/laravel/framework/src/Illuminate/Container/BoundMethod.php(29): call_user_func_array(Array, Array)
#7 /home/aexisco/ehelpdesk2019/vendor/laravel/framework/src/Illuminate/Container/BoundMethod.php(87): Illuminate\\Container\\BoundMethod::Illuminate\\Container\\{closure}()
#8 /home/aexisco/ehelpdesk2019/vendor/laravel/framework/src/Illuminate/Container/BoundMethod.php(31): Illuminate\\Container\\BoundMethod::callBoundMethod(Object(Illuminate\\Foundation\\Application), Array, Object(Closure))
#9 /home/aexisco/ehelpdesk2019/vendor/laravel/framework/src/Illuminate/Container/Container.php(572): Illuminate\\Container\\BoundMethod::call(Object(Illuminate\\Foundation\\Application), Array, Array, NULL)
#10 /home/aexisco/ehelpdesk2019/vendor/laravel/framework/src/Illuminate/Foundation/Application.php(793): Illuminate\\Container\\Container->call(Array)
#11 /home/aexisco/ehelpdesk2019/vendor/laravel/framework/src/Illuminate/Foundation/Application.php(776): Illuminate\\Foundation\\Application->bootProvider(Object(Kordy\\Ticketit\\TicketitServiceProvider))
#12 [internal function]: Illuminate\\Foundation\\Application->Illuminate\\Foundation\\{closure}(Object(Kordy\\Ticketit\\TicketitServiceProvider), 24)
#13 /home/aexisco/ehelpdesk2019/vendor/laravel/framework/src/Illuminate/Foundation/Application.php(777): array_walk(Array, Object(Closure))
#14 /home/aexisco/ehelpdesk2019/vendor/laravel/framework/src/Illuminate/Foundation/Bootstrap/BootProviders.php(17): Illuminate\\Foundation\\Application->boot()
#15 /home/aexisco/ehelpdesk2019/vendor/laravel/framework/src/Illuminate/Foundation/Application.php(206): Illuminate\\Foundation\\Bootstrap\\BootProviders->bootstrap(Object(Illuminate\\Foundation\\Application))
#16 /home/aexisco/ehelpdesk2019/vendor/laravel/framework/src/Illuminate/Foundation/Http/Kernel.php(162): Illuminate\\Foundation\\Application->bootstrapWith(Array)
#17 /home/aexisco/ehelpdesk2019/vendor/laravel/framework/src/Illuminate/Foundation/Http/Kernel.php(146): Illuminate\\Foundation\\Http\\Kernel->bootstrap()
#18 /home/aexisco/ehelpdesk2019/vendor/laravel/framework/src/Illuminate/Foundation/Http/Kernel.php(116): Illuminate\\Foundation\\Http\\Kernel->sendRequestThroughRouter(Object(Illuminate\\Http\\Request))
#19 /home/aexisco/ehelpdesk2019/public/index.php(55): Illuminate\\Foundation\\Http\\Kernel->handle(Object(Illuminate\\Http\\Request))
#20 /home/aexisco/ehelpdesk2019/index.php(21): require_once('/home/aexisco/e...')
#21 {main}
"} 
[2019-09-05 16:17:28] local.ERROR: SQLSTATE[28000] [1045] Access denied for user 'root'@'localhost' (using password: NO) (SQL: select * from information_schema.tables where table_schema = ticketit and table_name = migrations) {"exception":"[object] (Illuminate\\Database\\QueryException(code: 1045): SQLSTATE[28000] [1045] Access denied for user 'root'@'localhost' (using password: NO) (SQL: select * from information_schema.tables where table_schema = ticketit and table_name = migrations) at /home/aexisco/ehelpdesk2019/vendor/laravel/framework/src/Illuminate/Database/Connection.php:664, Doctrine\\DBAL\\Driver\\PDOException(code: 1045): SQLSTATE[28000] [1045] Access denied for user 'root'@'localhost' (using password: NO) at /home/aexisco/ehelpdesk2019/vendor/doctrine/dbal/lib/Doctrine/DBAL/Driver/PDOConnection.php:50, PDOException(code: 1045): SQLSTATE[28000] [1045] Access denied for user 'root'@'localhost' (using password: NO) at /home/aexisco/ehelpdesk2019/vendor/doctrine/dbal/lib/Doctrine/DBAL/Driver/PDOConnection.php:46)
[stacktrace]
#0 /home/aexisco/ehelpdesk2019/vendor/laravel/framework/src/Illuminate/Database/Connection.php(624): Illuminate\\Database\\Connection->runQueryCallback('select * from i...', Array, Object(Closure))
#1 /home/aexisco/ehelpdesk2019/vendor/laravel/framework/src/Illuminate/Database/Connection.php(333): Illuminate\\Database\\Connection->run('select * from i...', Array, Object(Closure))
#2 /home/aexisco/ehelpdesk2019/vendor/laravel/framework/src/Illuminate/Database/Schema/MySqlBuilder.php(18): Illuminate\\Database\\Connection->select('select * from i...', Array)
#3 /home/aexisco/ehelpdesk2019/vendor/laravel/framework/src/Illuminate/Support/Facades/Facade.php(223): Illuminate\\Database\\Schema\\MySqlBuilder->hasTable('migrations')
#4 /home/aexisco/ehelpdesk2019/vendor/kordy/ticketit/src/TicketitServiceProvider.php(29): Illuminate\\Support\\Facades\\Facade::__callStatic('hasTable', Array)
#5 [internal function]: Kordy\\Ticketit\\TicketitServiceProvider->boot()
#6 /home/aexisco/ehelpdesk2019/vendor/laravel/framework/src/Illuminate/Container/BoundMethod.php(29): call_user_func_array(Array, Array)
#7 /home/aexisco/ehelpdesk2019/vendor/laravel/framework/src/Illuminate/Container/BoundMethod.php(87): Illuminate\\Container\\BoundMethod::Illuminate\\Container\\{closure}()
#8 /home/aexisco/ehelpdesk2019/vendor/laravel/framework/src/Illuminate/Container/BoundMethod.php(31): Illuminate\\Container\\BoundMethod::callBoundMethod(Object(Illuminate\\Foundation\\Application), Array, Object(Closure))
#9 /home/aexisco/ehelpdesk2019/vendor/laravel/framework/src/Illuminate/Container/Container.php(572): Illuminate\\Container\\BoundMethod::call(Object(Illuminate\\Foundation\\Application), Array, Array, NULL)
#10 /home/aexisco/ehelpdesk2019/vendor/laravel/framework/src/Illuminate/Foundation/Application.php(793): Illuminate\\Container\\Container->call(Array)
#11 /home/aexisco/ehelpdesk2019/vendor/laravel/framework/src/Illuminate/Foundation/Application.php(776): Illuminate\\Foundation\\Application->bootProvider(Object(Kordy\\Ticketit\\TicketitServiceProvider))
#12 [internal function]: Illuminate\\Foundation\\Application->Illuminate\\Foundation\\{closure}(Object(Kordy\\Ticketit\\TicketitServiceProvider), 24)
#13 /home/aexisco/ehelpdesk2019/vendor/laravel/framework/src/Illuminate/Foundation/Application.php(777): array_walk(Array, Object(Closure))
#14 /home/aexisco/ehelpdesk2019/vendor/laravel/framework/src/Illuminate/Foundation/Bootstrap/BootProviders.php(17): Illuminate\\Foundation\\Application->boot()
#15 /home/aexisco/ehelpdesk2019/vendor/laravel/framework/src/Illuminate/Foundation/Application.php(206): Illuminate\\Foundation\\Bootstrap\\BootProviders->bootstrap(Object(Illuminate\\Foundation\\Application))
#16 /home/aexisco/ehelpdesk2019/vendor/laravel/framework/src/Illuminate/Foundation/Http/Kernel.php(162): Illuminate\\Foundation\\Application->bootstrapWith(Array)
#17 /home/aexisco/ehelpdesk2019/vendor/laravel/framework/src/Illuminate/Foundation/Http/Kernel.php(146): Illuminate\\Foundation\\Http\\Kernel->bootstrap()
#18 /home/aexisco/ehelpdesk2019/vendor/laravel/framework/src/Illuminate/Foundation/Http/Kernel.php(116): Illuminate\\Foundation\\Http\\Kernel->sendRequestThroughRouter(Object(Illuminate\\Http\\Request))
#19 /home/aexisco/ehelpdesk2019/public/index.php(55): Illuminate\\Foundation\\Http\\Kernel->handle(Object(Illuminate\\Http\\Request))
#20 /home/aexisco/ehelpdesk2019/index.php(21): require_once('/home/aexisco/e...')
#21 {main}
"} 
[2019-09-05 16:19:59] local.ERROR: SQLSTATE[28000] [1045] Access denied for user 'root'@'localhost' (using password: NO) (SQL: select * from information_schema.tables where table_schema = ticketit and table_name = migrations) {"exception":"[object] (Illuminate\\Database\\QueryException(code: 1045): SQLSTATE[28000] [1045] Access denied for user 'root'@'localhost' (using password: NO) (SQL: select * from information_schema.tables where table_schema = ticketit and table_name = migrations) at /home/aexisco/ehelpdesk2019/vendor/laravel/framework/src/Illuminate/Database/Connection.php:664, Doctrine\\DBAL\\Driver\\PDOException(code: 1045): SQLSTATE[28000] [1045] Access denied for user 'root'@'localhost' (using password: NO) at /home/aexisco/ehelpdesk2019/vendor/doctrine/dbal/lib/Doctrine/DBAL/Driver/PDOConnection.php:50, PDOException(code: 1045): SQLSTATE[28000] [1045] Access denied for user 'root'@'localhost' (using password: NO) at /home/aexisco/ehelpdesk2019/vendor/doctrine/dbal/lib/Doctrine/DBAL/Driver/PDOConnection.php:46)
[stacktrace]
#0 /home/aexisco/ehelpdesk2019/vendor/laravel/framework/src/Illuminate/Database/Connection.php(624): Illuminate\\Database\\Connection->runQueryCallback('select * from i...', Array, Object(Closure))
#1 /home/aexisco/ehelpdesk2019/vendor/laravel/framework/src/Illuminate/Database/Connection.php(333): Illuminate\\Database\\Connection->run('select * from i...', Array, Object(Closure))
#2 /home/aexisco/ehelpdesk2019/vendor/laravel/framework/src/Illuminate/Database/Schema/MySqlBuilder.php(18): Illuminate\\Database\\Connection->select('select * from i...', Array)
#3 /home/aexisco/ehelpdesk2019/vendor/laravel/framework/src/Illuminate/Support/Facades/Facade.php(223): Illuminate\\Database\\Schema\\MySqlBuilder->hasTable('migrations')
#4 /home/aexisco/ehelpdesk2019/vendor/kordy/ticketit/src/TicketitServiceProvider.php(29): Illuminate\\Support\\Facades\\Facade::__callStatic('hasTable', Array)
#5 [internal function]: Kordy\\Ticketit\\TicketitServiceProvider->boot()
#6 /home/aexisco/ehelpdesk2019/vendor/laravel/framework/src/Illuminate/Container/BoundMethod.php(29): call_user_func_array(Array, Array)
#7 /home/aexisco/ehelpdesk2019/vendor/laravel/framework/src/Illuminate/Container/BoundMethod.php(87): Illuminate\\Container\\BoundMethod::Illuminate\\Container\\{closure}()
#8 /home/aexisco/ehelpdesk2019/vendor/laravel/framework/src/Illuminate/Container/BoundMethod.php(31): Illuminate\\Container\\BoundMethod::callBoundMethod(Object(Illuminate\\Foundation\\Application), Array, Object(Closure))
#9 /home/aexisco/ehelpdesk2019/vendor/laravel/framework/src/Illuminate/Container/Container.php(572): Illuminate\\Container\\BoundMethod::call(Object(Illuminate\\Foundation\\Application), Array, Array, NULL)
#10 /home/aexisco/ehelpdesk2019/vendor/laravel/framework/src/Illuminate/Foundation/Application.php(793): Illuminate\\Container\\Container->call(Array)
#11 /home/aexisco/ehelpdesk2019/vendor/laravel/framework/src/Illuminate/Foundation/Application.php(776): Illuminate\\Foundation\\Application->bootProvider(Object(Kordy\\Ticketit\\TicketitServiceProvider))
#12 [internal function]: Illuminate\\Foundation\\Application->Illuminate\\Foundation\\{closure}(Object(Kordy\\Ticketit\\TicketitServiceProvider), 24)
#13 /home/aexisco/ehelpdesk2019/vendor/laravel/framework/src/Illuminate/Foundation/Application.php(777): array_walk(Array, Object(Closure))
#14 /home/aexisco/ehelpdesk2019/vendor/laravel/framework/src/Illuminate/Foundation/Bootstrap/BootProviders.php(17): Illuminate\\Foundation\\Application->boot()
#15 /home/aexisco/ehelpdesk2019/vendor/laravel/framework/src/Illuminate/Foundation/Application.php(206): Illuminate\\Foundation\\Bootstrap\\BootProviders->bootstrap(Object(Illuminate\\Foundation\\Application))
#16 /home/aexisco/ehelpdesk2019/vendor/laravel/framework/src/Illuminate/Foundation/Http/Kernel.php(162): Illuminate\\Foundation\\Application->bootstrapWith(Array)
#17 /home/aexisco/ehelpdesk2019/vendor/laravel/framework/src/Illuminate/Foundation/Http/Kernel.php(146): Illuminate\\Foundation\\Http\\Kernel->bootstrap()
#18 /home/aexisco/ehelpdesk2019/vendor/laravel/framework/src/Illuminate/Foundation/Http/Kernel.php(116): Illuminate\\Foundation\\Http\\Kernel->sendRequestThroughRouter(Object(Illuminate\\Http\\Request))
#19 /home/aexisco/ehelpdesk2019/public/index.php(55): Illuminate\\Foundation\\Http\\Kernel->handle(Object(Illuminate\\Http\\Request))
#20 /home/aexisco/ehelpdesk2019/index.php(21): require_once('/home/aexisco/e...')
#21 {main}
"} 
[2019-09-05 16:53:54] local.ERROR: SQLSTATE[28000] [1045] Access denied for user 'root'@'localhost' (using password: NO) (SQL: select * from information_schema.tables where table_schema = ticketit and table_name = migrations) {"exception":"[object] (Illuminate\\Database\\QueryException(code: 1045): SQLSTATE[28000] [1045] Access denied for user 'root'@'localhost' (using password: NO) (SQL: select * from information_schema.tables where table_schema = ticketit and table_name = migrations) at /home/aexisco/ehelpdesk2019/vendor/laravel/framework/src/Illuminate/Database/Connection.php:664, Doctrine\\DBAL\\Driver\\PDOException(code: 1045): SQLSTATE[28000] [1045] Access denied for user 'root'@'localhost' (using password: NO) at /home/aexisco/ehelpdesk2019/vendor/doctrine/dbal/lib/Doctrine/DBAL/Driver/PDOConnection.php:50, PDOException(code: 1045): SQLSTATE[28000] [1045] Access denied for user 'root'@'localhost' (using password: NO) at /home/aexisco/ehelpdesk2019/vendor/doctrine/dbal/lib/Doctrine/DBAL/Driver/PDOConnection.php:46)
[stacktrace]
#0 /home/aexisco/ehelpdesk2019/vendor/laravel/framework/src/Illuminate/Database/Connection.php(624): Illuminate\\Database\\Connection->runQueryCallback('select * from i...', Array, Object(Closure))
#1 /home/aexisco/ehelpdesk2019/vendor/laravel/framework/src/Illuminate/Database/Connection.php(333): Illuminate\\Database\\Connection->run('select * from i...', Array, Object(Closure))
#2 /home/aexisco/ehelpdesk2019/vendor/laravel/framework/src/Illuminate/Database/Schema/MySqlBuilder.php(18): Illuminate\\Database\\Connection->select('select * from i...', Array)
#3 /home/aexisco/ehelpdesk2019/vendor/laravel/framework/src/Illuminate/Support/Facades/Facade.php(223): Illuminate\\Database\\Schema\\MySqlBuilder->hasTable('migrations')
#4 /home/aexisco/ehelpdesk2019/vendor/kordy/ticketit/src/TicketitServiceProvider.php(29): Illuminate\\Support\\Facades\\Facade::__callStatic('hasTable', Array)
#5 [internal function]: Kordy\\Ticketit\\TicketitServiceProvider->boot()
#6 /home/aexisco/ehelpdesk2019/vendor/laravel/framework/src/Illuminate/Container/BoundMethod.php(29): call_user_func_array(Array, Array)
#7 /home/aexisco/ehelpdesk2019/vendor/laravel/framework/src/Illuminate/Container/BoundMethod.php(87): Illuminate\\Container\\BoundMethod::Illuminate\\Container\\{closure}()
#8 /home/aexisco/ehelpdesk2019/vendor/laravel/framework/src/Illuminate/Container/BoundMethod.php(31): Illuminate\\Container\\BoundMethod::callBoundMethod(Object(Illuminate\\Foundation\\Application), Array, Object(Closure))
#9 /home/aexisco/ehelpdesk2019/vendor/laravel/framework/src/Illuminate/Container/Container.php(572): Illuminate\\Container\\BoundMethod::call(Object(Illuminate\\Foundation\\Application), Array, Array, NULL)
#10 /home/aexisco/ehelpdesk2019/vendor/laravel/framework/src/Illuminate/Foundation/Application.php(793): Illuminate\\Container\\Container->call(Array)
#11 /home/aexisco/ehelpdesk2019/vendor/laravel/framework/src/Illuminate/Foundation/Application.php(776): Illuminate\\Foundation\\Application->bootProvider(Object(Kordy\\Ticketit\\TicketitServiceProvider))
#12 [internal function]: Illuminate\\Foundation\\Application->Illuminate\\Foundation\\{closure}(Object(Kordy\\Ticketit\\TicketitServiceProvider), 24)
#13 /home/aexisco/ehelpdesk2019/vendor/laravel/framework/src/Illuminate/Foundation/Application.php(777): array_walk(Array, Object(Closure))
#14 /home/aexisco/ehelpdesk2019/vendor/laravel/framework/src/Illuminate/Foundation/Bootstrap/BootProviders.php(17): Illuminate\\Foundation\\Application->boot()
#15 /home/aexisco/ehelpdesk2019/vendor/laravel/framework/src/Illuminate/Foundation/Application.php(206): Illuminate\\Foundation\\Bootstrap\\BootProviders->bootstrap(Object(Illuminate\\Foundation\\Application))
#16 /home/aexisco/ehelpdesk2019/vendor/laravel/framework/src/Illuminate/Foundation/Http/Kernel.php(162): Illuminate\\Foundation\\Application->bootstrapWith(Array)
#17 /home/aexisco/ehelpdesk2019/vendor/laravel/framework/src/Illuminate/Foundation/Http/Kernel.php(146): Illuminate\\Foundation\\Http\\Kernel->bootstrap()
#18 /home/aexisco/ehelpdesk2019/vendor/laravel/framework/src/Illuminate/Foundation/Http/Kernel.php(116): Illuminate\\Foundation\\Http\\Kernel->sendRequestThroughRouter(Object(Illuminate\\Http\\Request))
#19 /home/aexisco/ehelpdesk2019/public/index.php(55): Illuminate\\Foundation\\Http\\Kernel->handle(Object(Illuminate\\Http\\Request))
#20 /home/aexisco/ehelpdesk2019/index.php(21): require_once('/home/aexisco/e...')
#21 {main}
"} 
